<?xml version="1.0" encoding="UTF-8"?>
<!-- Generated by org.testng.reporters.JUnitReportReporter -->
<testsuite hostname="CHEJARLASRIBALAJI" failures="0" tests="1" name="com.actitime.testscript.CustomerModule" time="0.016" errors="0" timestamp="2023-05-12T00:45:31 IST" skipped="0">
  <testcase classname="com.actitime.testscript.CustomerModule" name="testCreateCustomer" time="0.016"/>
  <system-out>
    <![CDATA[Caseman]]>
  </system-out>
</testsuite> <!-- com.actitime.testscript.CustomerModule -->
